2019-01-14 19:20:15,857 myCat [WARN] 111
2019-01-14 19:26:31,321 myCat [WARN] 111
2019-01-14 19:26:31,322 myCat [WARN] this is a warn
2019-01-14 19:26:31,322 myCat [ERROR] this is an error
2019-01-14 19:26:31,322 myCat [INFO] this is an info
2019-01-14 19:26:31,322 myCat [DEBUG] this is a debug
2019-01-14 19:47:53,915 myCat [WARN] 111
2019-01-14 19:47:53,916 myCat [WARN] this is a warn
2019-01-14 19:47:53,916 myCat [ERROR] this is an error
2019-01-14 19:47:53,916 myCat [INFO] this is an info
2019-01-14 19:47:53,916 myCat [DEBUG] this is a debug
2019-01-14 20:00:49,635 myCat [WARN] 111
2019-01-14 20:00:49,635 myCat [WARN] this is a warn
2019-01-14 20:00:49,636 myCat [ERROR] this is an error
2019-01-14 20:00:49,636 myCat [INFO] this is an info
2019-01-14 20:00:49,636 myCat [DEBUG] this is a debug
2019-01-14 20:15:56,358 myCat [ERROR] this is an error
2019-01-14 20:15:56,359 myCat [ERROR] this is an error
2019-01-14 20:16:48,448 myCat [ERROR] this is an error
2019-01-14 20:16:48,448 myCat [WARN] this is a warn
2019-01-14 20:16:48,448 myCat [ERROR] this is an error
2019-01-14 20:16:48,449 myCat [INFO] this is an info
2019-01-14 20:18:33,649 myCat [ERROR] this is an error
2019-01-14 20:18:33,649 myCat [WARN] this is a warn
2019-01-14 20:18:33,649 myCat [ERROR] this is an error
2019-01-14 20:18:33,650 myCat [INFO] this is an info
2019-01-14 20:20:31,588 myCat [ERROR] this is an error
2019-01-14 20:20:31,588 myCat [WARN] this is a warn
2019-01-14 20:20:31,588 myCat [ERROR] this is an error
2019-01-14 20:20:31,588 myCat [INFO] this is an info
2019-01-14 20:28:54,467 myCat [ERROR] this is an error
2019-01-14 20:28:54,468 myCat [WARN] this is a warn
2019-01-14 20:28:54,468 myCat [ERROR] this is an error
2019-01-14 20:28:54,468 myCat [INFO] this is an info
2019-01-14 20:30:33,661 myCat [ERROR] this is an error
2019-01-14 20:30:33,667 myCat [WARN] this is a warn
2019-01-14 20:30:33,667 myCat [ERROR] this is an error
2019-01-14 20:30:33,667 myCat [INFO] this is an info
2019-01-14 20:30:33,667 myCat [ERROR] [testMylogger.cc:main:40:this is an error
2019-01-14 20:32:57,717 myCat [ERROR] this is an error
2019-01-14 20:32:57,718 myCat [WARN] this is a warn
2019-01-14 20:32:57,718 myCat [ERROR] this is an error
2019-01-14 20:32:57,719 myCat [INFO] this is an info
2019-01-14 20:32:57,719 myCat [ERROR] [testMylogger.cc:main:42]this is an error
2019-01-14 20:33:05,311 myCat [ERROR] this is an error
2019-01-14 20:33:05,312 myCat [WARN] this is a warn
2019-01-14 20:33:05,312 myCat [ERROR] this is an error
2019-01-14 20:33:05,312 myCat [INFO] this is an info
2019-01-14 20:33:05,313 myCat [ERROR] [testMylogger.cc:main:42]this is an error
2019-01-14 20:35:07,277 myCat [ERROR] this is an error
2019-01-14 20:35:07,278 myCat [WARN] this is a warn
2019-01-14 20:35:07,278 myCat [ERROR] this is an error
2019-01-14 20:35:07,279 myCat [INFO] this is an info
2019-01-14 20:35:07,279 myCat [ERROR] [testMylogger.cc:main:42]this is an error
2019-01-14 20:36:48,342 myCat [ERROR] this is an error
2019-01-14 20:36:48,343 myCat [WARN] this is a warn
2019-01-14 20:36:48,343 myCat [ERROR] this is an error
2019-01-14 20:36:48,343 myCat [INFO] this is an info
2019-01-14 20:36:48,344 myCat [ERROR] [testMylogger.cc:main:42]this is an error
2019-01-14 20:36:48,344 myCat [WARN] [testMylogger.cc:main:43]this is an warn
2019-01-14 20:36:48,344 myCat [INFO] [testMylogger.cc:main:44]this is an info
